<?xml version="1.0" encoding="UTF-8"?>
<!-- Generated by org.testng.reporters.JUnitReportReporter -->
<testsuite hostname="LAPTOP-3UOIG6JH" failures="0" tests="1" name="Session03.put" time="3.631" errors="0" timestamp="2023-02-15T00:43:44 IST" skipped="0">
  <testcase classname="Session03.put" name="put1" time="3.631"/>
  <system-out/>
</testsuite> <!-- Session03.put -->
