<?xml version="1.0" encoding="UTF-8"?>
<!-- Generated by org.testng.reporters.JUnitReportReporter -->
<testsuite hostname="LAPTOP-3UOIG6JH" failures="0" tests="1" name="Session06.verifiyBody" time="3.015" errors="0" timestamp="2023-02-16T22:50:44 IST" skipped="0">
  <testcase classname="Session06.verifiyBody" name="AS" time="3.015"/>
  <system-out/>
</testsuite> <!-- Session06.verifiyBody -->
