<?xml version="1.0" encoding="UTF-8"?>
<!-- Generated by org.testng.reporters.JUnitReportReporter -->
<testsuite hostname="LAPTOP-3UOIG6JH" failures="0" tests="1" name="Session12.desserlaztionjsondata" time="2.490" errors="0" timestamp="2023-02-17T22:29:01 IST" skipped="0">
  <testcase classname="Session12.desserlaztionjsondata" name="createuser" time="2.490"/>
  <system-out/>
</testsuite> <!-- Session12.desserlaztionjsondata -->
