<?xml version="1.0" encoding="UTF-8"?>
<!-- Generated by org.testng.reporters.JUnitReportReporter -->
<testsuite hostname="LAPTOP-3UOIG6JH" failures="0" tests="1" name="Session03.createdata" time="2.486" errors="0" timestamp="2023-02-15T00:32:02 IST" skipped="0">
  <testcase classname="Session03.createdata" name="post1" time="2.486"/>
  <system-out/>
</testsuite> <!-- Session03.createdata -->
