<?xml version="1.0" encoding="UTF-8"?>
<!-- Generated by org.testng.reporters.JUnitReportReporter -->
<testsuite hostname="LAPTOP-3UOIG6JH" failures="0" tests="1" name="Session04.Statuscodevalidation" time="1.812" errors="0" timestamp="2023-02-15T22:22:19 IST" skipped="0">
  <testcase classname="Session04.Statuscodevalidation" name="getBBdSystle" time="1.812"/>
  <system-out/>
</testsuite> <!-- Session04.Statuscodevalidation -->
