<?xml version="1.0" encoding="UTF-8"?>
<!-- Generated by org.testng.reporters.JUnitReportReporter -->
<testsuite hostname="LAPTOP-3UOIG6JH" failures="0" tests="1" name="Session03.Delete" time="2.724" errors="0" timestamp="2023-02-15T00:49:22 IST" skipped="0">
  <testcase classname="Session03.Delete" name="delete1" time="2.724"/>
  <system-out/>
</testsuite> <!-- Session03.Delete -->
