<?xml version="1.0" encoding="UTF-8"?>
<!-- Generated by org.testng.reporters.JUnitReportReporter -->
<testsuite hostname="LAPTOP-3UOIG6JH" failures="0" tests="1" name="demo.s.RestAPITesting" time="2.543" errors="0" timestamp="2023-01-29T23:19:51 IST" skipped="0">
  <testcase classname="demo.s.RestAPITesting" name="nana" time="2.543"/>
  <system-out/>
</testsuite> <!-- demo.s.RestAPITesting -->
