<?xml version="1.0" encoding="UTF-8"?>
<!-- Generated by org.testng.reporters.JUnitReportReporter -->
<testsuite hostname="LAPTOP-3UOIG6JH" failures="0" tests="1" name="Session05.heders" time="2.037" errors="0" timestamp="2023-02-16T11:56:42 IST" skipped="0">
  <testcase classname="Session05.heders" name="heders1" time="2.037"/>
  <system-out/>
</testsuite> <!-- Session05.heders -->
