<?xml version="1.0" encoding="UTF-8"?>
<!-- Generated by org.testng.reporters.JUnitReportReporter -->
<testsuite hostname="LAPTOP-3UOIG6JH" failures="0" tests="1" name="Seesion08.DigestAuto" time="3.631" errors="0" timestamp="2023-02-17T15:18:32 IST" skipped="0">
  <testcase classname="Seesion08.DigestAuto" name="d" time="3.631"/>
  <system-out/>
</testsuite> <!-- Seesion08.DigestAuto -->
