<?xml version="1.0" encoding="UTF-8"?>
<!-- Generated by org.testng.reporters.JUnitReportReporter -->
<testsuite hostname="LAPTOP-3UOIG6JH" failures="0" tests="1" name="Seesion08.BasicAuth" time="2.895" errors="0" timestamp="2023-02-17T14:47:11 IST" skipped="0">
  <testcase classname="Seesion08.BasicAuth" name="auth" time="2.895"/>
  <system-out/>
</testsuite> <!-- Seesion08.BasicAuth -->
