<?xml version="1.0" encoding="UTF-8"?>
<!-- Generated by org.testng.reporters.JUnitReportReporter -->
<testsuite hostname="LAPTOP-3UOIG6JH" failures="0" tests="1" name="Session07.QueryParamter" time="2.712" errors="0" timestamp="2023-02-17T11:18:04 IST" skipped="0">
  <testcase classname="Session07.QueryParamter" name="FF" time="2.712"/>
  <system-out/>
</testsuite> <!-- Session07.QueryParamter -->
