<?xml version="1.0" encoding="UTF-8"?>
<!-- Generated by org.testng.reporters.JUnitReportReporter -->
<testsuite hostname="LAPTOP-3UOIG6JH" failures="0" tests="1" name="Session10.Apikey" time="2.612" errors="0" timestamp="2023-02-17T17:53:17 IST" skipped="0">
  <testcase classname="Session10.Apikey" name="Key" time="2.612"/>
  <system-out/>
</testsuite> <!-- Session10.Apikey -->
